2024-08-04 02:58:44.583 [info] Extension host with pid 6746 started
2024-08-04 02:58:45.036 [info] ExtensionService#_doActivateExtension vscode.emmet, startup: false, activationEvent: 'onLanguage'
2024-08-04 02:58:45.106 [info] ExtensionService#_doActivateExtension vscode.git-base, startup: true, activationEvent: '*', root cause: vscode.git
2024-08-04 02:58:45.110 [info] ExtensionService#_doActivateExtension vscode.git, startup: true, activationEvent: '*'
2024-08-04 02:58:45.152 [info] ExtensionService#_doActivateExtension vscode.github, startup: true, activationEvent: '*'
2024-08-04 02:58:45.217 [info] Eager extensions activated
2024-08-04 02:58:45.271 [info] ExtensionService#_doActivateExtension vscode.debug-auto-launch, startup: false, activationEvent: 'onStartupFinished'
2024-08-04 02:58:45.273 [info] ExtensionService#_doActivateExtension vscode.merge-conflict, startup: false, activationEvent: 'onStartupFinished'
2024-08-04 02:59:08.811 [info] Extension host terminating: renderer closed the MessagePort
2024-08-04 02:59:08.821 [info] Extension host with pid 6746 exiting with code 0
2024-08-04 02:59:10.675 [info] Extension host with pid 6831 started
2024-08-04 02:59:10.675 [info] Skipping acquiring lock for /home/kirito/.config/Code - OSS/User/workspaceStorage/b675f9d848c1e4fe824428b51180aaeb.
2024-08-04 02:59:10.997 [info] ExtensionService#_doActivateExtension vscode.git-base, startup: true, activationEvent: '*'
2024-08-04 02:59:11.024 [info] ExtensionService#_doActivateExtension vscode.github, startup: true, activationEvent: '*'
2024-08-04 02:59:11.051 [info] Eager extensions activated
2024-08-04 02:59:11.096 [info] ExtensionService#_doActivateExtension vscode.debug-auto-launch, startup: false, activationEvent: 'onStartupFinished'
2024-08-04 02:59:11.099 [info] ExtensionService#_doActivateExtension vscode.merge-conflict, startup: false, activationEvent: 'onStartupFinished'
2024-08-04 02:59:12.787 [info] ExtensionService#_doActivateExtension vscode.git, startup: false, activationEvent: 'api', root cause: vscode.github
2024-08-04 02:59:42.408 [info] ExtensionService#_doActivateExtension vscode.emmet, startup: false, activationEvent: 'onLanguage'
2024-08-04 03:31:16.243 [info] Extension host terminating: renderer closed the MessagePort
2024-08-04 03:31:16.253 [info] Extension host with pid 6831 exiting with code 0
